[root@localhost shekina]# rails lxpdiary
      create
      create  app/apis
      create  app/controllers
      create  app/helpers
      create  app/models
      create  app/views/layouts
      create  config/environments
      create  components
      create  db
      create  doc
      create  lib
      create  log
      create  public/images
      create  public/javascripts
      create  public/stylesheets
      create  script
      create  test/fixtures
      create  test/functional
      create  test/mocks/development
      create  test/mocks/testing
      create  test/unit
      create  vendor
      create  Rakefile
      create  README
      create  CHANGELOG
      create  app/controllers/application.rb
      create  app/helpers/application_helper.rb
      create  test/test_helper.rb
      create  config/database.yml
      create  config/routes.rb
      create  public/.htaccess
      create  config/environment.rb
      create  config/environments/production.rb
      create  config/environments/development.rb
      create  config/environments/test.rb
      create  script/console
      create  script/console_sandbox.rb
      create  script/destroy
      create  script/generate
      create  script/server
      create  script/breakpointer
      create  public/dispatch.rb
      create  public/dispatch.cgi
      create  public/dispatch.fcgi
      create  public/404.html
      create  public/500.html
      create  public/index.html
      create  doc/README_FOR_APP
      create  log/server.log
      create  log/production.log
      create  log/development.log
      create  log/test.log
